\BOOKMARK [0][-]{chapter*.2}{\376\377\000W\000s\000t\001\031\000p}{}% 1
\BOOKMARK [0][-]{chapter.1}{\376\377\000O\000p\000i\000s\000\040\000z\000a\001\102\000o\001\174\000e\001\104\000\040\000p\000r\000o\000j\000e\000k\000t\000u}{}% 2
\BOOKMARK [1][-]{section.1.1}{\376\377\000C\000e\000l\000e\000\040\000p\000r\000o\000j\000e\000t\000u}{chapter.1}% 3
\BOOKMARK [1][-]{section.1.2}{\376\377\000W\000y\000m\000a\000g\000a\000n\000i\000a\000\040\000f\000u\000n\000k\000c\000j\000o\000n\000a\000l\000e\000\040\000i\000\040\000n\000i\000e\000f\000u\000n\000k\000c\000j\000o\000n\000a\000l\000n\000e}{chapter.1}% 4
\BOOKMARK [0][-]{chapter.2}{\376\377\000O\000p\000i\000s\000\040\000s\000t\000r\000u\000k\000t\000u\000r\000y\000\040\000p\000r\000o\000j\000e\000k\000t\000u}{}% 5
\BOOKMARK [1][-]{section.2.1}{\376\377\000J\001\031\000z\000y\000k\000\040\000i\000\040\000n\000a\000r\000z\001\031\000d\000z\000i\000a}{chapter.2}% 6
\BOOKMARK [1][-]{section.2.2}{\376\377\000M\000i\000n\000i\000m\000a\000l\000n\000e\000\040\000w\000y\000m\000a\000g\000a\000n\000i\000a\000\040\000s\000p\000r\000z\001\031\000t\000o\000w\000e}{chapter.2}% 7
\BOOKMARK [1][-]{section.2.3}{\376\377\000Z\000a\000r\000z\001\005\000d\000z\000a\000n\000i\000e\000\040\000d\000a\000n\000y\000m\000i}{chapter.2}% 8
\BOOKMARK [1][-]{section.2.4}{\376\377\000D\000i\000a\000g\000r\000a\000m\000\040\000k\000l\000a\000s}{chapter.2}% 9
\BOOKMARK [1][-]{section.2.5}{\376\377\000H\000i\000e\000r\000a\000r\000c\000h\000i\000a\000\040\000i\000\040\000o\000p\000i\000s\000y\000\040\000k\000l\000a\000s}{chapter.2}% 10
\BOOKMARK [0][-]{chapter.3}{\376\377\000H\000a\000r\000m\000o\000n\000o\000g\000r\000a\000m\000\040\000r\000e\000a\000l\000i\000z\000a\000c\000j\000i\000\040\000p\000r\000o\000j\000e\000k\000t\000u}{}% 11
\BOOKMARK [1][-]{section.3.1}{\376\377\000P\000r\000o\000b\000l\000e\000m\000y\000\040\000i\000\040\000t\000r\000u\000d\000n\000o\001\133\000c\000i}{chapter.3}% 12
\BOOKMARK [1][-]{section.3.2}{\376\377\000R\000e\000p\000o\000z\000y\000t\000o\000r\000i\000u\000m\000\040\000i\000\040\000s\000y\000s\000t\000e\000m\000\040\000k\000o\000n\000t\000r\000o\000l\000i\000\040\000w\000e\000r\000s\000j\000i}{chapter.3}% 13
\BOOKMARK [0][-]{chapter.4}{\376\377\000P\000r\000e\000z\000e\000n\000t\000a\000c\000j\000a\000\040\000w\000a\000r\000s\000t\000w\000y\000\040\000u\001\174\000y\000t\000k\000o\000w\000e\000j\000\040\000p\000r\000o\000j\000e\000k\000t\000u}{}% 14
\BOOKMARK [1][-]{section.4.1}{\376\377\000P\000r\000e\000z\000e\000n\000t\000a\000c\000j\000a}{chapter.4}% 15
\BOOKMARK [2][-]{subsection.4.1.1}{\376\377\000M\000e\000n\000u\000\040\000g\001\102\000\363\000w\000n\000e}{section.4.1}% 16
\BOOKMARK [2][-]{subsection.4.1.2}{\376\377\000M\000i\000a\000s\000t\000o}{section.4.1}% 17
\BOOKMARK [2][-]{subsection.4.1.3}{\376\377\000P\000o\000s\000t\000a\000c\000i\000e\000\040\000n\000i\000e\000z\000a\000l\000e\001\174\000n\000e}{section.4.1}% 18
\BOOKMARK [2][-]{subsection.4.1.4}{\376\377\000E\000k\000w\000i\000p\000u\000n\000e\000k}{section.4.1}% 19
\BOOKMARK [2][-]{subsection.4.1.5}{\376\377\000L\000o\000c\000h\000y}{section.4.1}% 20
\BOOKMARK [2][-]{subsection.4.1.6}{\376\377\000S\000y\000s\000t\000e\000m\000\040\000w\000a\000l\000k\000i}{section.4.1}% 21
\BOOKMARK [0][-]{chapter.5}{\376\377\000P\000o\000d\000s\000u\000m\000o\000w\000a\000n\000i\000e}{}% 22
\BOOKMARK [1][-]{section.5.1}{\376\377\000Z\000r\000e\000a\000l\000i\000z\000o\000w\000a\000n\000e\000\040\000p\000r\000a\000c\000e}{chapter.5}% 23
\BOOKMARK [1][-]{section.5.2}{\376\377\000P\000l\000a\000n\000o\000w\000a\000n\000e\000\040\000p\000r\000a\000c\000e\000\040\000r\000o\000z\000w\000o\000j\000o\000w\000e}{chapter.5}% 24
\BOOKMARK [0][-]{chapter*.3}{\376\377\000B\000i\000b\000l\000i\000o\000g\000r\000a\000f\000i\000a}{}% 25
\BOOKMARK [0][-]{chapter*.3}{\376\377\000S\000p\000i\000s\000\040\000r\000y\000s\000u\000n\000k\000\363\000w}{}% 26
\BOOKMARK [0][-]{chapter*.4}{\376\377\000S\000p\000i\000s\000\040\000t\000a\000b\000l\000i\000c}{}% 27
